This is pdfTeX, Version 3.14159265-2.6-1.40.15 (TeX Live 2014/W32TeX) (preloaded format=pdflatex 2015.2.13)  1 MAR 2016 16:13
entering extended mode
 restricted \write18 enabled.
 %&-line parsing enabled.
**thesis-clustering.tex
(./thesis-clustering.tex
LaTeX2e <2014/05/01>
Babel <3.9l> and hyphenation patterns for 79 languages loaded.
(c:/texlive/2014/texmf-dist/tex/latex/base/report.cls
Document Class: report 2014/09/29 v1.4h Standard LaTeX document class
(c:/texlive/2014/texmf-dist/tex/latex/base/size12.clo
File: size12.clo 2014/09/29 v1.4h Standard LaTeX file (size option)
)
\c@part=\count79
\c@chapter=\count80
\c@section=\count81
\c@subsection=\count82
\c@subsubsection=\count83
\c@paragraph=\count84
\c@subparagraph=\count85
\c@figure=\count86
\c@table=\count87
\abovecaptionskip=\skip41
\belowcaptionskip=\skip42
\bibindent=\dimen102
)
(c:/texlive/2014/texmf-dist/tex/latex/base/latexsym.sty
Package: latexsym 1998/08/17 v2.2e Standard LaTeX package (lasy symbols)
\symlasy=\mathgroup4
LaTeX Font Info:    Overwriting symbol font `lasy' in version `bold'
(Font)                  U/lasy/m/n --> U/lasy/b/n on input line 47.
)
(c:/texlive/2014/texmf-dist/tex/latex/amsfonts/amssymb.sty
Package: amssymb 2013/01/14 v3.01 AMS font symbols

(c:/texlive/2014/texmf-dist/tex/latex/amsfonts/amsfonts.sty
Package: amsfonts 2013/01/14 v3.01 Basic AMSFonts support
\@emptytoks=\toks14
\symAMSa=\mathgroup5
\symAMSb=\mathgroup6
LaTeX Font Info:    Overwriting math alphabet `\mathfrak' in version `bold'
(Font)                  U/euf/m/n --> U/euf/b/n on input line 106.
))
(c:/texlive/2014/texmf-dist/tex/latex/amsmath/amsmath.sty
Package: amsmath 2013/01/14 v2.14 AMS math features
\@mathmargin=\skip43

For additional information on amsmath, use the `?' option.
(c:/texlive/2014/texmf-dist/tex/latex/amsmath/amstext.sty
Package: amstext 2000/06/29 v2.01

(c:/texlive/2014/texmf-dist/tex/latex/amsmath/amsgen.sty
File: amsgen.sty 1999/11/30 v2.0
\@emptytoks=\toks15
\ex@=\dimen103
))
(c:/texlive/2014/texmf-dist/tex/latex/amsmath/amsbsy.sty
Package: amsbsy 1999/11/29 v1.2d
\pmbraise@=\dimen104
)
(c:/texlive/2014/texmf-dist/tex/latex/amsmath/amsopn.sty
Package: amsopn 1999/12/14 v2.01 operator names
)
\inf@bad=\count88
LaTeX Info: Redefining \frac on input line 210.
\uproot@=\count89
\leftroot@=\count90
LaTeX Info: Redefining \overline on input line 306.
\classnum@=\count91
\DOTSCASE@=\count92
LaTeX Info: Redefining \ldots on input line 378.
LaTeX Info: Redefining \dots on input line 381.
LaTeX Info: Redefining \cdots on input line 466.
\Mathstrutbox@=\box26
\strutbox@=\box27
\big@size=\dimen105
LaTeX Font Info:    Redeclaring font encoding OML on input line 566.
LaTeX Font Info:    Redeclaring font encoding OMS on input line 567.
\macc@depth=\count93
\c@MaxMatrixCols=\count94
\dotsspace@=\muskip10
\c@parentequation=\count95
\dspbrk@lvl=\count96
\tag@help=\toks16
\row@=\count97
\column@=\count98
\maxfields@=\count99
\andhelp@=\toks17
\eqnshift@=\dimen106
\alignsep@=\dimen107
\tagshift@=\dimen108
\tagwidth@=\dimen109
\totwidth@=\dimen110
\lineht@=\dimen111
\@envbody=\toks18
\multlinegap=\skip44
\multlinetaggap=\skip45
\mathdisplay@stack=\toks19
LaTeX Info: Redefining \[ on input line 2665.
LaTeX Info: Redefining \] on input line 2666.
) (./mathdefs.sty)
(c:/texlive/2014/texmf-dist/tex/latex/multirow/multirow.sty
\bigstrutjot=\dimen112
)
(c:/texlive/2014/texmf-dist/tex/latex/booktabs/booktabs.sty
Package: booktabs 2005/04/14 v1.61803 publication quality tables
\heavyrulewidth=\dimen113
\lightrulewidth=\dimen114
\cmidrulewidth=\dimen115
\belowrulesep=\dimen116
\belowbottomsep=\dimen117
\aboverulesep=\dimen118
\abovetopsep=\dimen119
\cmidrulesep=\dimen120
\cmidrulekern=\dimen121
\defaultaddspace=\dimen122
\@cmidla=\count100
\@cmidlb=\count101
\@aboverulesep=\dimen123
\@belowrulesep=\dimen124
\@thisruleclass=\count102
\@lastruleclass=\count103
\@thisrulewidth=\dimen125
)
(c:/texlive/2014/texmf-dist/tex/latex/tools/enumerate.sty
Package: enumerate 2014/10/28 v3.00 enumerate extensions (DPC)
\@enLab=\toks20
)
(c:/texlive/2014/texmf-dist/tex/latex/base/fontenc.sty
Package: fontenc 2005/09/27 v1.99g Standard LaTeX package

(c:/texlive/2014/texmf-dist/tex/latex/base/t1enc.def
File: t1enc.def 2005/09/27 v1.99g Standard LaTeX file
LaTeX Font Info:    Redeclaring font encoding T1 on input line 43.
))
(c:/texlive/2014/texmf-dist/tex/latex/rotating/rotating.sty
Package: rotating 2009/03/28 v2.16a rotated objects in LaTeX

(c:/texlive/2014/texmf-dist/tex/latex/graphics/graphicx.sty
Package: graphicx 2014/10/28 v1.0g Enhanced LaTeX Graphics (DPC,SPQR)

(c:/texlive/2014/texmf-dist/tex/latex/graphics/keyval.sty
Package: keyval 2014/10/28 v1.15 key=value parser (DPC)
\KV@toks@=\toks21
)
(c:/texlive/2014/texmf-dist/tex/latex/graphics/graphics.sty
Package: graphics 2014/10/28 v1.0p Standard LaTeX Graphics (DPC,SPQR)

(c:/texlive/2014/texmf-dist/tex/latex/graphics/trig.sty
Package: trig 1999/03/16 v1.09 sin cos tan (DPC)
)
(c:/texlive/2014/texmf-dist/tex/latex/latexconfig/graphics.cfg
File: graphics.cfg 2010/04/23 v1.9 graphics configuration of TeX Live
)
Package graphics Info: Driver file: pdftex.def on input line 91.

(c:/texlive/2014/texmf-dist/tex/latex/pdftex-def/pdftex.def
File: pdftex.def 2011/05/27 v0.06d Graphics/color for pdfTeX

(c:/texlive/2014/texmf-dist/tex/generic/oberdiek/infwarerr.sty
Package: infwarerr 2010/04/08 v1.3 Providing info/warning/error messages (HO)
)
(c:/texlive/2014/texmf-dist/tex/generic/oberdiek/ltxcmds.sty
Package: ltxcmds 2011/11/09 v1.22 LaTeX kernel commands for general use (HO)
)
\Gread@gobject=\count104
))
\Gin@req@height=\dimen126
\Gin@req@width=\dimen127
)
(c:/texlive/2014/texmf-dist/tex/latex/base/ifthen.sty
Package: ifthen 2014/09/29 v1.1c Standard LaTeX ifthen package (DPC)
)
\c@r@tfl@t=\count105
\rotFPtop=\skip46
\rotFPbot=\skip47
\rot@float@box=\box28
\rot@mess@toks=\toks22
)
(c:/texlive/2014/texmf-dist/tex/latex/cleveref/cleveref.sty
Package: cleveref 2013/12/28 v0.19 Intelligent cross-referencing
)
(c:/texlive/2014/texmf-dist/tex/latex/framed/framed.sty
Package: framed 2011/10/22 v 0.96: framed or shaded text with page breaks
\OuterFrameSep=\skip48
\fb@frw=\dimen128
\fb@frh=\dimen129
\FrameRule=\dimen130
\FrameSep=\dimen131
)
(c:/texlive/2014/texmf-dist/tex/latex/amscls/amsthm.sty
Package: amsthm 2009/07/02 v2.20.1
\thm@style=\toks23
\thm@bodyfont=\toks24
\thm@headfont=\toks25
\thm@notefont=\toks26
\thm@headpunct=\toks27
\thm@preskip=\skip49
\thm@postskip=\skip50
\thm@headsep=\skip51
\dth@everypar=\toks28
)
(c:/texlive/2014/texmf-dist/tex/latex/base/makeidx.sty
Package: makeidx 2014/09/29 v1.0m Standard LaTeX package
)
(c:/texlive/2014/texmf-dist/tex/latex/l3packages/xfrac/xfrac.sty
(c:/texlive/2014/texmf-dist/tex/latex/l3packages/l3keys2e/l3keys2e.sty
(c:/texlive/2014/texmf-dist/tex/latex/l3kernel/expl3.sty
Package: expl3 2015/01/29 v5502 L3 programming layer (loader) 

(c:/texlive/2014/texmf-dist/tex/latex/l3kernel/expl3-code.tex
Package: expl3 2015/01/29 v5502 L3 programming layer (code) 
L3 Module: l3bootstrap 2015/01/27 v5500 L3 Bootstrap code

(c:/texlive/2014/texmf-dist/tex/latex/etex-pkg/etex.sty
Package: etex 1998/03/26 v2.0 eTeX basic definition package (PEB)
\et@xins=\count106
)
L3 Module: l3names 2014/08/22 v5343 L3 Namespace for primitives
L3 Module: l3basics 2015/01/27 v5500 L3 Basic definitions
L3 Module: l3expan 2014/11/27 v5472 L3 Argument expansion
L3 Module: l3tl 2015/01/27 v5500 L3 Token lists
L3 Module: l3str 2014/08/24 v5368 L3 Strings
L3 Module: l3seq 2014/08/23 v5354 L3 Sequences and stacks
L3 Module: l3int 2014/09/14 v5421 L3 Integers
\c_max_int=\count107
\l_tmpa_int=\count108
\l_tmpb_int=\count109
\g_tmpa_int=\count110
\g_tmpb_int=\count111
L3 Module: l3quark 2014/08/23 v5354 L3 Quarks
L3 Module: l3prg 2014/08/23 v5354 L3 Control structures
\g__prg_map_int=\count112
L3 Module: l3clist 2014/08/23 v5354 L3 Comma separated lists
L3 Module: l3token 2014/09/15 v5422 L3 Experimental token manipulation
L3 Module: l3prop 2014/08/23 v5354 L3 Property lists
L3 Module: l3msg 2014/08/24 v5358 L3 Messages
L3 Module: l3file 2014/08/24 v5369 L3 File and I/O operations
\l_iow_line_count_int=\count113
\l__iow_target_count_int=\count114
\l__iow_current_line_int=\count115
\l__iow_current_word_int=\count116
\l__iow_current_indentation_int=\count117
L3 Module: l3skip 2014/08/23 v5354 L3 Dimensions and skips
\c_zero_dim=\dimen132
\c_max_dim=\dimen133
\l_tmpa_dim=\dimen134
\l_tmpb_dim=\dimen135
\g_tmpa_dim=\dimen136
\g_tmpb_dim=\dimen137
\c_zero_skip=\skip52
\c_max_skip=\skip53
\l_tmpa_skip=\skip54
\l_tmpb_skip=\skip55
\g_tmpa_skip=\skip56
\g_tmpb_skip=\skip57
\c_zero_muskip=\muskip11
\c_max_muskip=\muskip12
\l_tmpa_muskip=\muskip13
\l_tmpb_muskip=\muskip14
\g_tmpa_muskip=\muskip15
\g_tmpb_muskip=\muskip16
L3 Module: l3keys 2015/01/27 v5500 L3 Key-value interfaces
\g__keyval_level_int=\count118
\l_keys_choice_int=\count119
L3 Module: l3fp 2014/08/22 v5336 L3 Floating points
\c__fp_leading_shift_int=\count120
\c__fp_middle_shift_int=\count121
\c__fp_trailing_shift_int=\count122
\c__fp_big_leading_shift_int=\count123
\c__fp_big_middle_shift_int=\count124
\c__fp_big_trailing_shift_int=\count125
\c__fp_Bigg_leading_shift_int=\count126
\c__fp_Bigg_middle_shift_int=\count127
\c__fp_Bigg_trailing_shift_int=\count128
L3 Module: l3box 2014/08/23 v5354 L3 Experimental boxes
\c_empty_box=\box29
\l_tmpa_box=\box30
\l_tmpb_box=\box31
\g_tmpa_box=\box32
\g_tmpb_box=\box33
L3 Module: l3coffins 2014/08/23 v5354 L3 Coffin code layer
\l__coffin_internal_box=\box34
\l__coffin_internal_dim=\dimen138
\l__coffin_offset_x_dim=\dimen139
\l__coffin_offset_y_dim=\dimen140
\l__coffin_x_dim=\dimen141
\l__coffin_y_dim=\dimen142
\l__coffin_x_prime_dim=\dimen143
\l__coffin_y_prime_dim=\dimen144
\c_empty_coffin=\box35
\l__coffin_aligned_coffin=\box36
\l__coffin_aligned_internal_coffin=\box37
\l_tmpa_coffin=\box38
\l_tmpb_coffin=\box39
\l__coffin_display_coffin=\box40
\l__coffin_display_coord_coffin=\box41
\l__coffin_display_pole_coffin=\box42
\l__coffin_display_offset_dim=\dimen145
\l__coffin_display_x_dim=\dimen146
\l__coffin_display_y_dim=\dimen147
L3 Module: l3color 2014/08/23 v5354 L3 Experimental color support
L3 Module: l3candidates 2015/01/27 v5499 L3 Experimental additions to l3kernel
\l__box_top_dim=\dimen148
\l__box_bottom_dim=\dimen149
\l__box_left_dim=\dimen150
\l__box_right_dim=\dimen151
\l__box_top_new_dim=\dimen152
\l__box_bottom_new_dim=\dimen153
\l__box_left_new_dim=\dimen154
\l__box_right_new_dim=\dimen155
\l__box_internal_box=\box43
\l__coffin_bounding_shift_dim=\dimen156
\l__coffin_left_corner_dim=\dimen157
\l__coffin_right_corner_dim=\dimen158
\l__coffin_bottom_corner_dim=\dimen159
\l__coffin_top_corner_dim=\dimen160
\l__coffin_scaled_total_height_dim=\dimen161
\l__coffin_scaled_width_dim=\dimen162
)
(c:/texlive/2014/texmf-dist/tex/latex/l3kernel/l3unicode-data.def
File: l3unicode-data.def 2014/11/23 v5465 L3 Unicode data
)
(c:/texlive/2014/texmf-dist/tex/latex/l3kernel/l3pdfmode.def
File: l3pdfmode.def 2015/01/27 v5499 L3 Experimental driver: PDF mode
\l__driver_color_stack_int=\count129
))
Package: l3keys2e 2014/11/25 v5471 LaTeX2e option processing using LaTeX3 keys
)
(c:/texlive/2014/texmf-dist/tex/latex/base/textcomp.sty
Package: textcomp 2005/09/27 v1.99g Standard LaTeX package
Package textcomp Info: Sub-encoding information:
(textcomp)               5 = only ISO-Adobe without \textcurrency
(textcomp)               4 = 5 + \texteuro
(textcomp)               3 = 4 + \textohm
(textcomp)               2 = 3 + \textestimated + \textcurrency
(textcomp)               1 = TS1 - \textcircled - \t
(textcomp)               0 = TS1 (full)
(textcomp)             Font families with sub-encoding setting implement
(textcomp)             only a restricted character set as indicated.
(textcomp)             Family '?' is the default used for unknown fonts.
(textcomp)             See the documentation for details.
Package textcomp Info: Setting ? sub-encoding to TS1/1 on input line 71.

(c:/texlive/2014/texmf-dist/tex/latex/base/ts1enc.def
File: ts1enc.def 2001/06/05 v3.0e (jk/car/fm) Standard LaTeX file
)
LaTeX Info: Redefining \oldstylenums on input line 266.
Package textcomp Info: Setting cmr sub-encoding to TS1/0 on input line 281.
Package textcomp Info: Setting cmss sub-encoding to TS1/0 on input line 282.
Package textcomp Info: Setting cmtt sub-encoding to TS1/0 on input line 283.
Package textcomp Info: Setting cmvtt sub-encoding to TS1/0 on input line 284.
Package textcomp Info: Setting cmbr sub-encoding to TS1/0 on input line 285.
Package textcomp Info: Setting cmtl sub-encoding to TS1/0 on input line 286.
Package textcomp Info: Setting ccr sub-encoding to TS1/0 on input line 287.
Package textcomp Info: Setting ptm sub-encoding to TS1/4 on input line 288.
Package textcomp Info: Setting pcr sub-encoding to TS1/4 on input line 289.
Package textcomp Info: Setting phv sub-encoding to TS1/4 on input line 290.
Package textcomp Info: Setting ppl sub-encoding to TS1/3 on input line 291.
Package textcomp Info: Setting pag sub-encoding to TS1/4 on input line 292.
Package textcomp Info: Setting pbk sub-encoding to TS1/4 on input line 293.
Package textcomp Info: Setting pnc sub-encoding to TS1/4 on input line 294.
Package textcomp Info: Setting pzc sub-encoding to TS1/4 on input line 295.
Package textcomp Info: Setting bch sub-encoding to TS1/4 on input line 296.
Package textcomp Info: Setting put sub-encoding to TS1/5 on input line 297.
Package textcomp Info: Setting uag sub-encoding to TS1/5 on input line 298.
Package textcomp Info: Setting ugq sub-encoding to TS1/5 on input line 299.
Package textcomp Info: Setting ul8 sub-encoding to TS1/4 on input line 300.
Package textcomp Info: Setting ul9 sub-encoding to TS1/4 on input line 301.
Package textcomp Info: Setting augie sub-encoding to TS1/5 on input line 302.
Package textcomp Info: Setting dayrom sub-encoding to TS1/3 on input line 303.
Package textcomp Info: Setting dayroms sub-encoding to TS1/3 on input line 304.

Package textcomp Info: Setting pxr sub-encoding to TS1/0 on input line 305.
Package textcomp Info: Setting pxss sub-encoding to TS1/0 on input line 306.
Package textcomp Info: Setting pxtt sub-encoding to TS1/0 on input line 307.
Package textcomp Info: Setting txr sub-encoding to TS1/0 on input line 308.
Package textcomp Info: Setting txss sub-encoding to TS1/0 on input line 309.
Package textcomp Info: Setting txtt sub-encoding to TS1/0 on input line 310.
Package textcomp Info: Setting lmr sub-encoding to TS1/0 on input line 311.
Package textcomp Info: Setting lmdh sub-encoding to TS1/0 on input line 312.
Package textcomp Info: Setting lmss sub-encoding to TS1/0 on input line 313.
Package textcomp Info: Setting lmssq sub-encoding to TS1/0 on input line 314.
Package textcomp Info: Setting lmvtt sub-encoding to TS1/0 on input line 315.
Package textcomp Info: Setting qhv sub-encoding to TS1/0 on input line 316.
Package textcomp Info: Setting qag sub-encoding to TS1/0 on input line 317.
Package textcomp Info: Setting qbk sub-encoding to TS1/0 on input line 318.
Package textcomp Info: Setting qcr sub-encoding to TS1/0 on input line 319.
Package textcomp Info: Setting qcs sub-encoding to TS1/0 on input line 320.
Package textcomp Info: Setting qpl sub-encoding to TS1/0 on input line 321.
Package textcomp Info: Setting qtm sub-encoding to TS1/0 on input line 322.
Package textcomp Info: Setting qzc sub-encoding to TS1/0 on input line 323.
Package textcomp Info: Setting qhvc sub-encoding to TS1/0 on input line 324.
Package textcomp Info: Setting futs sub-encoding to TS1/4 on input line 325.
Package textcomp Info: Setting futx sub-encoding to TS1/4 on input line 326.
Package textcomp Info: Setting futj sub-encoding to TS1/4 on input line 327.
Package textcomp Info: Setting hlh sub-encoding to TS1/3 on input line 328.
Package textcomp Info: Setting hls sub-encoding to TS1/3 on input line 329.
Package textcomp Info: Setting hlst sub-encoding to TS1/3 on input line 330.
Package textcomp Info: Setting hlct sub-encoding to TS1/5 on input line 331.
Package textcomp Info: Setting hlx sub-encoding to TS1/5 on input line 332.
Package textcomp Info: Setting hlce sub-encoding to TS1/5 on input line 333.
Package textcomp Info: Setting hlcn sub-encoding to TS1/5 on input line 334.
Package textcomp Info: Setting hlcw sub-encoding to TS1/5 on input line 335.
Package textcomp Info: Setting hlcf sub-encoding to TS1/5 on input line 336.
Package textcomp Info: Setting pplx sub-encoding to TS1/3 on input line 337.
Package textcomp Info: Setting pplj sub-encoding to TS1/3 on input line 338.
Package textcomp Info: Setting ptmx sub-encoding to TS1/4 on input line 339.
Package textcomp Info: Setting ptmj sub-encoding to TS1/4 on input line 340.
)
(c:/texlive/2014/texmf-dist/tex/latex/l3packages/xparse/xparse.sty
Package: xparse 2014/11/25 v5471 L3 Experimental document command parser
\l__xparse_current_arg_int=\count130
\l__xparse_m_args_int=\count131
\l__xparse_mandatory_args_int=\count132
\l__xparse_processor_int=\count133
\l__xparse_v_nesting_int=\count134
)
(c:/texlive/2014/texmf-dist/tex/latex/l3packages/xtemplate/xtemplate.sty
Package: xtemplate 2014/11/25 v5471 L3 Experimental prototype document function
s
\l__xtemplate_tmp_dim=\dimen163
\l__xtemplate_tmp_int=\count135
\l__xtemplate_tmp_muskip=\muskip17
\l__xtemplate_tmp_skip=\skip58
Variant \prop_get:NoNTF already defined; not changing it on line 106
Variant \prop_get:NoNT already defined; not changing it on line 107
Variant \prop_get:NoNF already defined; not changing it on line 108
)
Package: xfrac 2014/05/04 v4728 L3 Experimental split-level fractions
\l__xfrac_slash_box=\box44
\l__xfrac_tmp_box=\box45
\l__xfrac_denominator_bot_sep_dim=\dimen164
\l__xfrac_numerator_bot_sep_dim=\dimen165
\l__xfrac_numerator_top_sep_dim=\dimen166
\l__xfrac_slash_left_sep_dim=\dimen167
\l__xfrac_slash_right_sep_dim=\dimen168
\l__xfrac_slash_left_muskip=\muskip18
\l__xfrac_slash_right_muskip=\muskip19
.................................................
. xtemplate info: "declare-object-type"
. 
. Declaring object type 'xfrac' taking 3 argument(s) on line 96.
.................................................
.................................................
. LaTeX info: "xparse/define-command"
. 
. Defining command \sfrac with sig. 'omom' on line 436.
.................................................
)
(c:/texlive/2014/texmf-dist/tex/latex/caption/caption.sty
Package: caption 2013/05/02 v3.3-89 Customizing captions (AR)

(c:/texlive/2014/texmf-dist/tex/latex/caption/caption3.sty
Package: caption3 2013/05/02 v1.6-88 caption3 kernel (AR)
Package caption3 Info: TeX engine: e-TeX on input line 57.
\captionmargin=\dimen169
\captionmargin@=\dimen170
\captionwidth=\dimen171
\caption@tempdima=\dimen172
\caption@indent=\dimen173
\caption@parindent=\dimen174
\caption@hangindent=\dimen175
)
\c@ContinuedFloat=\count136
Package caption Info: rotating package is loaded.
)
(c:/texlive/2014/texmf-dist/tex/latex/caption/subcaption.sty
Package: subcaption 2013/02/03 v1.1-62 Sub-captions (AR)
\c@subfigure=\count137
\c@subtable=\count138
)
(c:/texlive/2014/texmf-dist/tex/latex/oberdiek/epstopdf.sty
Package: epstopdf 2010/02/09 v2.5 Conversion with epstopdf on the fly (HO)

(c:/texlive/2014/texmf-dist/tex/latex/oberdiek/epstopdf-base.sty
Package: epstopdf-base 2010/02/09 v2.5 Base part for package epstopdf

(c:/texlive/2014/texmf-dist/tex/latex/oberdiek/grfext.sty
Package: grfext 2010/08/19 v1.1 Manage graphics extensions (HO)

(c:/texlive/2014/texmf-dist/tex/generic/oberdiek/kvdefinekeys.sty
Package: kvdefinekeys 2011/04/07 v1.3 Define keys (HO)
))
(c:/texlive/2014/texmf-dist/tex/latex/oberdiek/kvoptions.sty
Package: kvoptions 2011/06/30 v3.11 Key value format for package options (HO)

(c:/texlive/2014/texmf-dist/tex/generic/oberdiek/kvsetkeys.sty
Package: kvsetkeys 2012/04/25 v1.16 Key value parser (HO)

(c:/texlive/2014/texmf-dist/tex/generic/oberdiek/etexcmds.sty
Package: etexcmds 2011/02/16 v1.5 Avoid name clashes with e-TeX commands (HO)

(c:/texlive/2014/texmf-dist/tex/generic/oberdiek/ifluatex.sty
Package: ifluatex 2010/03/01 v1.3 Provides the ifluatex switch (HO)
Package ifluatex Info: LuaTeX not detected.
)
Package etexcmds Info: Could not find \expanded.
(etexcmds)             That can mean that you are not using pdfTeX 1.50 or
(etexcmds)             that some package has redefined \expanded.
(etexcmds)             In the latter case, load this package earlier.
)))
(c:/texlive/2014/texmf-dist/tex/generic/oberdiek/pdftexcmds.sty
Package: pdftexcmds 2011/11/29 v0.20 Utility functions of pdfTeX for LuaTeX (HO
)

(c:/texlive/2014/texmf-dist/tex/generic/oberdiek/ifpdf.sty
Package: ifpdf 2011/01/30 v2.3 Provides the ifpdf switch (HO)
Package ifpdf Info: pdfTeX in PDF mode is detected.
)
Package pdftexcmds Info: LuaTeX not detected.
Package pdftexcmds Info: \pdf@primitive is available.
Package pdftexcmds Info: \pdf@ifprimitive is available.
Package pdftexcmds Info: \pdfdraftmode found.
)
Package grfext Info: Graphics extension search list:
(grfext)             [.png,.pdf,.jpg,.mps,.jpeg,.jbig2,.jb2,.PNG,.PDF,.JPG,.JPE
G,.JBIG2,.JB2,.eps]
(grfext)             \AppendGraphicsExtensions on input line 452.

(c:/texlive/2014/texmf-dist/tex/latex/latexconfig/epstopdf-sys.cfg
File: epstopdf-sys.cfg 2010/07/13 v1.3 Configuration of (r)epstopdf for TeX Liv
e
)))
(c:/texlive/2014/texmf-dist/tex/latex/carlisle/ltxtable.sty
Package: ltxtable 1995/12/11 v0.2 longtable/tabularx merge (DPC)

(c:/texlive/2014/texmf-dist/tex/latex/tools/tabularx.sty
Package: tabularx 2014/10/28 v2.10 `tabularx' package (DPC)

(c:/texlive/2014/texmf-dist/tex/latex/tools/array.sty
Package: array 2014/10/28 v2.4c Tabular extension package (FMi)
\col@sep=\dimen176
\extrarowheight=\dimen177
\NC@list=\toks29
\extratabsurround=\skip59
\backup@length=\skip60
)
\TX@col@width=\dimen178
\TX@old@table=\dimen179
\TX@old@col=\dimen180
\TX@target=\dimen181
\TX@delta=\dimen182
\TX@cols=\count139
\TX@ftn=\toks30
)
(c:/texlive/2014/texmf-dist/tex/latex/tools/longtable.sty
Package: longtable 2014/10/28 v4.11 Multi-page Table package (DPC)
\LTleft=\skip61
\LTright=\skip62
\LTpre=\skip63
\LTpost=\skip64
\LTchunksize=\count140
\LTcapwidth=\dimen183
\LT@head=\box46
\LT@firsthead=\box47
\LT@foot=\box48
\LT@lastfoot=\box49
\LT@cols=\count141
\LT@rows=\count142
\c@LT@tables=\count143
\c@LT@chunks=\count144
\LT@p@ftn=\toks31
))
(c:/texlive/2014/texmf-dist/tex/latex/pdfpages/pdfpages.sty
Package: pdfpages 2013/08/25 v0.4v Insert pages of external PDF documents (AM)

(c:/texlive/2014/texmf-dist/tex/latex/tools/calc.sty
Package: calc 2014/10/28 v4.3 Infix arithmetic (KKT,FJ)
\calc@Acount=\count145
\calc@Bcount=\count146
\calc@Adimen=\dimen184
\calc@Bdimen=\dimen185
\calc@Askip=\skip65
\calc@Bskip=\skip66
LaTeX Info: Redefining \setlength on input line 75.
LaTeX Info: Redefining \addtolength on input line 76.
\calc@Ccount=\count147
\calc@Cskip=\skip67
)
(c:/texlive/2014/texmf-dist/tex/latex/eso-pic/eso-pic.sty
Package: eso-pic 2013/10/06 v2.0d eso-pic (RN)

(c:/texlive/2014/texmf-dist/tex/generic/oberdiek/atbegshi.sty
Package: atbegshi 2011/10/05 v1.16 At begin shipout hook (HO)
)
(c:/texlive/2014/texmf-dist/tex/latex/xcolor/xcolor.sty
Package: xcolor 2007/01/21 v2.11 LaTeX color extensions (UK)

(c:/texlive/2014/texmf-dist/tex/latex/latexconfig/color.cfg
File: color.cfg 2007/01/18 v1.5 color configuration of teTeX/TeXLive
)
Package xcolor Info: Driver file: pdftex.def on input line 225.
Package xcolor Info: Model `cmy' substituted by `cmy0' on input line 1337.
Package xcolor Info: Model `hsb' substituted by `rgb' on input line 1341.
Package xcolor Info: Model `RGB' extended on input line 1353.
Package xcolor Info: Model `HTML' substituted by `rgb' on input line 1355.
Package xcolor Info: Model `Hsb' substituted by `hsb' on input line 1356.
Package xcolor Info: Model `tHsb' substituted by `hsb' on input line 1357.
Package xcolor Info: Model `HSB' substituted by `hsb' on input line 1358.
Package xcolor Info: Model `Gray' substituted by `gray' on input line 1359.
Package xcolor Info: Model `wave' substituted by `hsb' on input line 1360.
))
(c:/texlive/2014/texmf-dist/tex/latex/pdfpages/pppdftex.def
File: pppdftex.def 2013/08/25 v0.4v Pdfpages driver for pdfTeX (AM)
)
\AM@pagebox=\box50
\AM@toc@title=\toks32
\c@AM@survey=\count148
\AM@templatesizebox=\box51
)
\c@theorem=\count149
\c@definition=\count150
\c@example=\count151
\c@proposition=\count152
\c@remark=\count153
\c@lemma=\count154
\c@assumption=\count155
\c@corollary=\count156

(./thesis-clustering.aux (./title.aux) (./preface.aux) (./chapter1.aux)
(./chapter2.aux) (./chapter3.aux) (./chapter4.aux) (./chapter5.aux))
\openout1 = `thesis-clustering.aux'.

LaTeX Font Info:    Checking defaults for OML/cmm/m/it on input line 90.
LaTeX Font Info:    ... okay on input line 90.
LaTeX Font Info:    Checking defaults for T1/cmr/m/n on input line 90.
LaTeX Font Info:    ... okay on input line 90.
LaTeX Font Info:    Checking defaults for OT1/cmr/m/n on input line 90.
LaTeX Font Info:    ... okay on input line 90.
LaTeX Font Info:    Checking defaults for OMS/cmsy/m/n on input line 90.
LaTeX Font Info:    ... okay on input line 90.
LaTeX Font Info:    Checking defaults for OMX/cmex/m/n on input line 90.
LaTeX Font Info:    ... okay on input line 90.
LaTeX Font Info:    Checking defaults for U/cmr/m/n on input line 90.
LaTeX Font Info:    ... okay on input line 90.
LaTeX Font Info:    Checking defaults for TS1/cmr/m/n on input line 90.
LaTeX Font Info:    Try loading font information for TS1+cmr on input line 90.

(c:/texlive/2014/texmf-dist/tex/latex/base/ts1cmr.fd
File: ts1cmr.fd 2014/09/29 v2.5h Standard LaTeX font definitions
)
LaTeX Font Info:    ... okay on input line 90.

(c:/texlive/2014/texmf-dist/tex/context/base/supp-pdf.mkii
[Loading MPS to PDF converter (version 2006.09.02).]
\scratchcounter=\count157
\scratchdimen=\dimen186
\scratchbox=\box52
\nofMPsegments=\count158
\nofMParguments=\count159
\everyMPshowfont=\toks33
\MPscratchCnt=\count160
\MPscratchDim=\dimen187
\MPnumerator=\count161
\makeMPintoPDFobject=\count162
\everyMPtoPDFconversion=\toks34
)
Package caption Info: Begin \AtBeginDocument code.
Package caption Info: longtable package is loaded.
 (c:/texlive/2014/texmf-dist/tex/latex/caption/ltcaption.sty
Package: ltcaption 2013/02/03 v1.3-62 longtable captions (AR)
)
Package caption Info: End \AtBeginDocument code.
\AtBeginShipoutBox=\box53
\openout2 = `title.aux'.

 (./title.tex)
[1


{c:/texlive/2014/texmf-var/fonts/map/pdftex/updmap/pdftex.map}]
\openout2 = `preface.aux'.


(./preface.tex
LaTeX Font Info:    Try loading font information for U+lasy on input line 5.
 (c:/texlive/2014/texmf-dist/tex/latex/base/ulasy.fd
File: ulasy.fd 1998/08/17 v2.2e LaTeX symbol font definitions
)
LaTeX Font Info:    Try loading font information for U+msa on input line 5.

(c:/texlive/2014/texmf-dist/tex/latex/amsfonts/umsa.fd
File: umsa.fd 2013/01/14 v3.01 AMS symbols A
)
LaTeX Font Info:    Try loading font information for U+msb on input line 5.

(c:/texlive/2014/texmf-dist/tex/latex/amsfonts/umsb.fd
File: umsb.fd 2013/01/14 v3.01 AMS symbols B
) [2



]
Underfull \hbox (badness 10000) in paragraph at lines 21--26

 []

) [3

] (./thesis-clustering.toc)
\tf@toc=\write3
\openout3 = `thesis-clustering.toc'.

 [4


] (./thesis-clustering.lot)
\tf@lot=\write4
\openout4 = `thesis-clustering.lot'.

 [5

]
(./thesis-clustering.lof
Overfull \hbox (18.62785pt too wide) in paragraph at lines 7--7
 [][] []\T1/cmr/m/n/12 Comparison of ob-jec-tive func-tion val-ues for k-means,
 k-means++, KPALM 
 []

)
\tf@lof=\write5
\openout5 = `thesis-clustering.lof'.

 [6

]
\openout2 = `chapter1.aux'.

 (./chapter1.tex
Chapter 1.
[1


] [2] [3] [4]
Overfull \hbox (4.35768pt too wide) in paragraph at lines 93--94
\T1/cmr/m/n/12 like func-tion and pro-pose an it-er-a-tive al-go-rithm ($\OML/c
mm/m/it/12 "$\T1/cmr/m/n/12 -KPALM) to tackle a smoothed
 []

[5] [6]
Overfull \hbox (8.27197pt too wide) in paragraph at lines 105--123
 [] 
 []

) [7

]
\openout2 = `chapter2.aux'.

 (./chapter2.tex
Chapter 2.
[8



] [9] [10] [11]
Overfull \hbox (4.02658pt too wide) detected at line 127
[] \OML/cmm/m/it/12 :
 []

[12]) [13]
\openout2 = `chapter3.aux'.

 (./chapter3.tex
Chapter 3.
[14



] [15] [16] [17]
Overfull \hbox (5.4782pt too wide) in paragraph at lines 143--143
[] 
 []

[18] [19] [20] [21] [22] [23] [24] [25

]) [26]
\openout2 = `chapter4.aux'.

 (./chapter4.tex
Chapter 4.
[27



] [28]
Overfull \hbox (25.87053pt too wide) detected at line 71
\OML/cmm/m/it/12 x[]\OT1/cmr/m/n/12 (\OML/cmm/m/it/12 t \OT1/cmr/m/n/12 + 1) = 
[]  [] [] \OML/cmm/m/it/12 ;
 []

[29] [30]
Overfull \hbox (8.88647pt too wide) detected at line 188
\OML/cmm/m/it/12 L[]\OT1/cmr/m/n/12 (\OML/cmm/m/it/12 w\OT1/cmr/m/n/12 (\OML/cm
m/m/it/12 t \OT1/cmr/m/n/12 + 1)\OML/cmm/m/it/12 ; x\OT1/cmr/m/n/12 (\OML/cmm/m
/it/12 t\OT1/cmr/m/n/12 )) = [] [] \OMS/cmsy/m/n/12 ^^U [] ^^U []\OML/cmm/m/it/
12 ;
 []

[31]
Overfull \hbox (0.34027pt too wide) in paragraph at lines 219--219
[] 
 []


Overfull \hbox (8.5549pt too wide) in paragraph at lines 225--225
[] 
 []


Overfull \hbox (10.12823pt too wide) detected at line 229
[] [] \OT1/cmr/m/n/12 = [] \OML/cmm/m/it/12 ;
 []

[32] [33] [34]
Overfull \hbox (6.3856pt too wide) in paragraph at lines 334--334
[] 
 []


Overfull \hbox (8.99156pt too wide) in paragraph at lines 352--352
[] 
 []

[35]
Overfull \hbox (16.18535pt too wide) in paragraph at lines 400--400
[] 
 []

[36] [37] [38] [39]
Overfull \hbox (1.5059pt too wide) detected at line 522
[] \OT1/cmr/m/n/12 + [] [][] \OMS/cmsy/m/n/12 ^^T [] \OML/cmm/m/it/12 :
 []

[40]
Overfull \hbox (8.99156pt too wide) detected at line 567
\OML/cmm/m/it/12 ^^M\OT1/cmr/m/n/12 (\OML/cmm/m/it/12 t\OT1/cmr/m/n/12 ) := [] 
\OML/cmm/m/it/12 :
 []

[41]
Overfull \hbox (23.49103pt too wide) in paragraph at lines 596--596
[] 
 []


Overfull \hbox (18.77257pt too wide) in paragraph at lines 605--605
[] 
 []

) [42]
\openout2 = `chapter5.aux'.

 (./chapter5.tex
Chapter 5.
[43



]
Package epstopdf Info: Source file: <dynamic_alpha_kpalm.eps>
(epstopdf)                    date: 2016-02-03 19:33:21
(epstopdf)                    size: 13210 bytes
(epstopdf)             Output file: <dynamic_alpha_kpalm-eps-converted-to.pdf>
(epstopdf)                    date: 2016-02-03 19:33:21
(epstopdf)                    size: 5088 bytes
(epstopdf)             Command: <repstopdf --outfile=dynamic_alpha_kpalm-eps-co
nverted-to.pdf dynamic_alpha_kpalm.eps>
(epstopdf)             \includegraphics on input line 20.
Package epstopdf Info: Output file is already uptodate.

<dynamic_alpha_kpalm-eps-converted-to.pdf, id=178, 420.57124pt x 316.18124pt>
File: dynamic_alpha_kpalm-eps-converted-to.pdf Graphic file (type pdf)

<use dynamic_alpha_kpalm-eps-converted-to.pdf>
Package pdftex.def Info: dynamic_alpha_kpalm-eps-converted-to.pdf used on input
 line 20.
(pdftex.def)             Requested size: 346.89731pt x 260.79485pt.
 [44 <./dynamic_alpha_kpalm-eps-converted-to.pdf>]
Package epstopdf Info: Source file: <psi_algs_comparison2.eps>
(epstopdf)                    date: 2016-02-03 19:33:21
(epstopdf)                    size: 10893 bytes
(epstopdf)             Output file: <psi_algs_comparison2-eps-converted-to.pdf>

(epstopdf)                    date: 2016-02-03 19:33:21
(epstopdf)                    size: 3837 bytes
(epstopdf)             Command: <repstopdf --outfile=psi_algs_comparison2-eps-c
onverted-to.pdf psi_algs_comparison2.eps>
(epstopdf)             \includegraphics on input line 39.
Package epstopdf Info: Output file is already uptodate.

<psi_algs_comparison2-eps-converted-to.pdf, id=190, 420.57124pt x 316.18124pt>
File: psi_algs_comparison2-eps-converted-to.pdf Graphic file (type pdf)

<use psi_algs_comparison2-eps-converted-to.pdf>
Package pdftex.def Info: psi_algs_comparison2-eps-converted-to.pdf used on inpu
t line 39.
(pdftex.def)             Requested size: 346.89731pt x 260.79485pt.
Package epstopdf Info: Source file: <psi_algs_comparison2_zoom.eps>
(epstopdf)                    date: 2016-02-03 19:33:21
(epstopdf)                    size: 10949 bytes
(epstopdf)             Output file: <psi_algs_comparison2_zoom-eps-converted-to
.pdf>
(epstopdf)                    date: 2016-02-03 19:33:21
(epstopdf)                    size: 3955 bytes
(epstopdf)             Command: <repstopdf --outfile=psi_algs_comparison2_zoom-
eps-converted-to.pdf psi_algs_comparison2_zoom.eps>
(epstopdf)             \includegraphics on input line 44.
Package epstopdf Info: Output file is already uptodate.

<psi_algs_comparison2_zoom-eps-converted-to.pdf, id=191, 963.6pt x 683.55376pt>
File: psi_algs_comparison2_zoom-eps-converted-to.pdf Graphic file (type pdf)
<use psi_algs_comparison2_zoom-eps-converted-to.pdf>
Package pdftex.def Info: psi_algs_comparison2_zoom-eps-converted-to.pdf used on
 input line 44.
(pdftex.def)             Requested size: 346.89731pt x 246.07916pt.
Package epstopdf Info: Source file: <iterations_algs_comparison.eps>
(epstopdf)                    date: 2016-02-03 19:33:21
(epstopdf)                    size: 9654 bytes
(epstopdf)             Output file: <iterations_algs_comparison-eps-converted-t
o.pdf>
(epstopdf)                    date: 2016-02-03 19:33:21
(epstopdf)                    size: 3600 bytes
(epstopdf)             Command: <repstopdf --outfile=iterations_algs_comparison
-eps-converted-to.pdf iterations_algs_comparison.eps>
(epstopdf)             \includegraphics on input line 64.
Package epstopdf Info: Output file is already uptodate.

<iterations_algs_comparison-eps-converted-to.pdf, id=192, 529.98pt x 258.9675pt
>
File: iterations_algs_comparison-eps-converted-to.pdf Graphic file (type pdf)
 <use iterations_algs_comparison-eps-converted-to.pdf>
Package pdftex.def Info: iterations_algs_comparison-eps-converted-to.pdf used o
n input line 64.
(pdftex.def)             Requested size: 303.53267pt x 148.31636pt.
Package epstopdf Info: Source file: <iterations_dynamic_alpha_kpalm_comparison.
eps>
(epstopdf)                    date: 2016-02-03 19:33:21
(epstopdf)                    size: 10002 bytes
(epstopdf)             Output file: <iterations_dynamic_alpha_kpalm_comparison-
eps-converted-to.pdf>
(epstopdf)                    date: 2016-02-03 19:33:21
(epstopdf)                    size: 3748 bytes
(epstopdf)             Command: <repstopdf --outfile=iterations_dynamic_alpha_k
palm_comparison-eps-converted-to.pdf iterations_dynamic_alpha_kpalm_comparison.
eps>
(epstopdf)             \includegraphics on input line 71.
Package epstopdf Info: Output file is already uptodate.

<iterations_dynamic_alpha_kpalm_comparison-eps-converted-to.pdf, id=193, 529.98
pt x 252.945pt>
File: iterations_dynamic_alpha_kpalm_comparison-eps-converted-to.pdf Graphic fi
le (type pdf)

<use iterations_dynamic_alpha_kpalm_comparison-eps-converted-to.pdf>
Package pdftex.def Info: iterations_dynamic_alpha_kpalm_comparison-eps-converte
d-to.pdf used on input line 71.
(pdftex.def)             Requested size: 303.53267pt x 144.86716pt.
Package epstopdf Info: Source file: <iterations_dynamic_alpha_eps_kpalm_compari
son.eps>
(epstopdf)                    date: 2016-02-03 19:33:21
(epstopdf)                    size: 9756 bytes
(epstopdf)             Output file: <iterations_dynamic_alpha_eps_kpalm_compari
son-eps-converted-to.pdf>
(epstopdf)                    date: 2016-02-03 19:33:21
(epstopdf)                    size: 3678 bytes
(epstopdf)             Command: <repstopdf --outfile=iterations_dynamic_alpha_e
ps_kpalm_comparison-eps-converted-to.pdf iterations_dynamic_alpha_eps_kpalm_com
parison.eps>
(epstopdf)             \includegraphics on input line 76.
Package epstopdf Info: Output file is already uptodate.

<iterations_dynamic_alpha_eps_kpalm_comparison-eps-converted-to.pdf, id=194, 52
9.98pt x 252.945pt>
File: iterations_dynamic_alpha_eps_kpalm_comparison-eps-converted-to.pdf Graphi
c file (type pdf)

<use iterations_dynamic_alpha_eps_kpalm_comparison-eps-converted-to.pdf>
Package pdftex.def Info: iterations_dynamic_alpha_eps_kpalm_comparison-eps-conv
erted-to.pdf used on input line 76.
(pdftex.def)             Requested size: 303.53267pt x 144.86716pt.
Package epstopdf Info: Source file: <dynamic_alpha_eps_kpalm.eps>
(epstopdf)                    date: 2016-02-03 19:33:21
(epstopdf)                    size: 13603 bytes
(epstopdf)             Output file: <dynamic_alpha_eps_kpalm-eps-converted-to.p
df>
(epstopdf)                    date: 2016-02-03 19:33:21
(epstopdf)                    size: 4967 bytes
(epstopdf)             Command: <repstopdf --outfile=dynamic_alpha_eps_kpalm-ep
s-converted-to.pdf dynamic_alpha_eps_kpalm.eps>
(epstopdf)             \includegraphics on input line 85.
Package epstopdf Info: Output file is already uptodate.

<dynamic_alpha_eps_kpalm-eps-converted-to.pdf, id=195, 513.92pt x 370.38374pt>
File: dynamic_alpha_eps_kpalm-eps-converted-to.pdf Graphic file (type pdf)

<use dynamic_alpha_eps_kpalm-eps-converted-to.pdf>
Package pdftex.def Info: dynamic_alpha_eps_kpalm-eps-converted-to.pdf used on i
nput line 85.
(pdftex.def)             Requested size: 325.215pt x 234.38853pt.
Package epstopdf Info: Source file: <dense_gaussians.eps>
(epstopdf)                    date: 2016-02-03 19:33:21
(epstopdf)                    size: 28637 bytes
(epstopdf)             Output file: <dense_gaussians-eps-converted-to.pdf>
(epstopdf)                    date: 2016-02-03 19:33:21
(epstopdf)                    size: 10818 bytes
(epstopdf)             Command: <repstopdf --outfile=dense_gaussians-eps-conver
ted-to.pdf dense_gaussians.eps>
(epstopdf)             \includegraphics on input line 95.
Package epstopdf Info: Output file is already uptodate.

<dense_gaussians-eps-converted-to.pdf, id=196, 420.57124pt x 316.18124pt>
File: dense_gaussians-eps-converted-to.pdf Graphic file (type pdf)

<use dense_gaussians-eps-converted-to.pdf>
Package pdftex.def Info: dense_gaussians-eps-converted-to.pdf used on input lin
e 95.
(pdftex.def)             Requested size: 195.12767pt x 146.69469pt.
Package epstopdf Info: Source file: <sparse_gaussians.eps>
(epstopdf)                    date: 2016-02-03 19:33:21
(epstopdf)                    size: 28709 bytes
(epstopdf)             Output file: <sparse_gaussians-eps-converted-to.pdf>
(epstopdf)                    date: 2016-02-03 19:33:21
(epstopdf)                    size: 10933 bytes
(epstopdf)             Command: <repstopdf --outfile=sparse_gaussians-eps-conve
rted-to.pdf sparse_gaussians.eps>
(epstopdf)             \includegraphics on input line 101.
Package epstopdf Info: Output file is already uptodate.

<sparse_gaussians-eps-converted-to.pdf, id=197, 420.57124pt x 316.18124pt>
File: sparse_gaussians-eps-converted-to.pdf Graphic file (type pdf)

<use sparse_gaussians-eps-converted-to.pdf>
Package pdftex.def Info: sparse_gaussians-eps-converted-to.pdf used on input li
ne 101.
(pdftex.def)             Requested size: 195.12767pt x 146.69469pt.
Package epstopdf Info: Source file: <dense_gaussians_similarity.eps>
(epstopdf)                    date: 2016-02-03 19:33:21
(epstopdf)                    size: 9512 bytes
(epstopdf)             Output file: <dense_gaussians_similarity-eps-converted-t
o.pdf>
(epstopdf)                    date: 2016-02-03 19:33:21
(epstopdf)                    size: 3687 bytes
(epstopdf)             Command: <repstopdf --outfile=dense_gaussians_similarity
-eps-converted-to.pdf dense_gaussians_similarity.eps>
(epstopdf)             \includegraphics on input line 112.
Package epstopdf Info: Output file is already uptodate.

<dense_gaussians_similarity-eps-converted-to.pdf, id=198, 963.6pt x 460.72125pt
>
File: dense_gaussians_similarity-eps-converted-to.pdf Graphic file (type pdf)
 <use dense_gaussians_similarity-eps-converted-to.pdf>
Package pdftex.def Info: dense_gaussians_similarity-eps-converted-to.pdf used o
n input line 112.
(pdftex.def)             Requested size: 195.12767pt x 93.29553pt.
Package epstopdf Info: Source file: <sparse_gaussians_similarity.eps>
(epstopdf)                    date: 2016-02-03 19:33:21
(epstopdf)                    size: 9721 bytes
(epstopdf)             Output file: <sparse_gaussians_similarity-eps-converted-
to.pdf>
(epstopdf)                    date: 2016-02-03 19:33:21
(epstopdf)                    size: 3698 bytes
(epstopdf)             Command: <repstopdf --outfile=sparse_gaussians_similarit
y-eps-converted-to.pdf sparse_gaussians_similarity.eps>
(epstopdf)             \includegraphics on input line 118.
Package epstopdf Info: Output file is already uptodate.

<sparse_gaussians_similarity-eps-converted-to.pdf, id=199, 963.6pt x 442.65375p
t>
File: sparse_gaussians_similarity-eps-converted-to.pdf Graphic file (type pdf)
 <use sparse_gaussians_similarity-eps-converted-to.pdf>
Package pdftex.def Info: sparse_gaussians_similarity-eps-converted-to.pdf used 
on input line 118.
(pdftex.def)             Requested size: 195.12767pt x 89.63689pt.
Package epstopdf Info: Source file: <dense_gaussians_metrics2.eps>
(epstopdf)                    date: 2016-02-03 19:33:21
(epstopdf)                    size: 12529 bytes
(epstopdf)             Output file: <dense_gaussians_metrics2-eps-converted-to.
pdf>
(epstopdf)                    date: 2016-02-03 19:33:21
(epstopdf)                    size: 4524 bytes
(epstopdf)             Command: <repstopdf --outfile=dense_gaussians_metrics2-e
ps-converted-to.pdf dense_gaussians_metrics2.eps>
(epstopdf)             \includegraphics on input line 129.
Package epstopdf Info: Output file is already uptodate.

<dense_gaussians_metrics2-eps-converted-to.pdf, id=200, 963.6pt x 471.7625pt>
File: dense_gaussians_metrics2-eps-converted-to.pdf Graphic file (type pdf)

<use dense_gaussians_metrics2-eps-converted-to.pdf>
Package pdftex.def Info: dense_gaussians_metrics2-eps-converted-to.pdf used on 
input line 129.
(pdftex.def)             Requested size: 433.62pt x 212.29115pt.
Package epstopdf Info: Source file: <sparse_gaussians_metrics2.eps>
(epstopdf)                    date: 2016-02-03 19:33:21
(epstopdf)                    size: 12715 bytes
(epstopdf)             Output file: <sparse_gaussians_metrics2-eps-converted-to
.pdf>
(epstopdf)                    date: 2016-02-03 19:33:21
(epstopdf)                    size: 4584 bytes
(epstopdf)             Command: <repstopdf --outfile=sparse_gaussians_metrics2-
eps-converted-to.pdf sparse_gaussians_metrics2.eps>
(epstopdf)             \includegraphics on input line 135.
Package epstopdf Info: Output file is already uptodate.

<sparse_gaussians_metrics2-eps-converted-to.pdf, id=201, 963.6pt x 471.7625pt>
File: sparse_gaussians_metrics2-eps-converted-to.pdf Graphic file (type pdf)

<use sparse_gaussians_metrics2-eps-converted-to.pdf>
Package pdftex.def Info: sparse_gaussians_metrics2-eps-converted-to.pdf used on
 input line 135.
(pdftex.def)             Requested size: 433.62pt x 212.29115pt.
 [45]) [46] [47 <./psi_algs_comparison2-eps-converted-to.pdf> <./psi_algs_compa
rison2_zoom-eps-converted-to.pdf>] [48 <./iterations_algs_comparison-eps-conver
ted-to.pdf> <./iterations_dynamic_alpha_kpalm_comparison-eps-converted-to.pdf> 
<./iterations_dynamic_alpha_eps_kpalm_comparison-eps-converted-to.pdf>] [49 <./
dynamic_alpha_eps_kpalm-eps-converted-to.pdf> <./dense_gaussians-eps-converted-
to.pdf> <./sparse_gaussians-eps-converted-to.pdf> <./dense_gaussians_similarity
-eps-converted-to.pdf> <./sparse_gaussians_similarity-eps-converted-to.pdf>] [5
0 <./dense_gaussians_metrics2-eps-converted-to.pdf> <./sparse_gaussians_metrics
2-eps-converted-to.pdf>]
[51


] [52] <title-abstract-heb.pdf, id=275, 614.295pt x 794.97pt>
File: title-abstract-heb.pdf Graphic file (type pdf)

<use title-abstract-heb.pdf>
Package pdftex.def Info: title-abstract-heb.pdf used on input line 206.
(pdftex.def)             Requested size: 614.29349pt x 794.96806pt.
File: title-abstract-heb.pdf Graphic file (type pdf)
 <use title-abstract-heb.pdf>
Package pdftex.def Info: title-abstract-heb.pdf used on input line 206.
(pdftex.def)             Requested size: 614.29349pt x 794.96806pt.
File: title-abstract-heb.pdf Graphic file (type pdf)

<use title-abstract-heb.pdf>
Package pdftex.def Info: title-abstract-heb.pdf used on input line 206.
(pdftex.def)             Requested size: 614.29349pt x 794.96806pt.
 [53]
<title-abstract-heb.pdf, id=282, page=1, 614.295pt x 794.97pt>
File: title-abstract-heb.pdf Graphic file (type pdf)

<use title-abstract-heb.pdf, page 1>
Package pdftex.def Info: title-abstract-heb.pdf, page1 used on input line 206.
(pdftex.def)             Requested size: 614.29349pt x 794.96806pt.
File: title-abstract-heb.pdf Graphic file (type pdf)
 <use title-abstract-heb.pdf, page 1>
Package pdftex.def Info: title-abstract-heb.pdf, page1 used on input line 206.
(pdftex.def)             Requested size: 597.78697pt x 773.60669pt.
File: title-abstract-heb.pdf Graphic file (type pdf)

<use title-abstract-heb.pdf, page 1>
Package pdftex.def Info: title-abstract-heb.pdf, page1 used on input line 206.
(pdftex.def)             Requested size: 597.78697pt x 773.60669pt.
File: title-abstract-heb.pdf Graphic file (type pdf)
 <use title-abstract-heb.pdf, page 1>
Package pdftex.def Info: title-abstract-heb.pdf, page1 used on input line 206.
(pdftex.def)             Requested size: 597.78697pt x 773.60669pt.
File: title-abstract-heb.pdf Graphic file (type pdf)

<use title-abstract-heb.pdf, page 1>
Package pdftex.def Info: title-abstract-heb.pdf, page1 used on input line 206.
(pdftex.def)             Requested size: 597.78697pt x 773.60669pt.
 [54 <./title-abstract-heb.pdf>]
<title-abstract-heb.pdf, id=318, page=2, 614.295pt x 794.97pt>
File: title-abstract-heb.pdf Graphic file (type pdf)

<use title-abstract-heb.pdf, page 2>
Package pdftex.def Info: title-abstract-heb.pdf, page2 used on input line 206.
(pdftex.def)             Requested size: 597.78697pt x 773.60669pt.
File: title-abstract-heb.pdf Graphic file (type pdf)
 <use title-abstract-heb.pdf, page 2>
Package pdftex.def Info: title-abstract-heb.pdf, page2 used on input line 206.
(pdftex.def)             Requested size: 597.78697pt x 773.60669pt.
File: title-abstract-heb.pdf Graphic file (type pdf)

<use title-abstract-heb.pdf, page 2>
Package pdftex.def Info: title-abstract-heb.pdf, page2 used on input line 206.
(pdftex.def)             Requested size: 597.78697pt x 773.60669pt.
 [55 <./title-abstract-heb.pdf>]
(./thesis-clustering.aux (./title.aux) (./preface.aux) (./chapter1.aux)
(./chapter2.aux) (./chapter3.aux) (./chapter4.aux) (./chapter5.aux)) ) 
Here is how much of TeX's memory you used:
 13946 strings out of 493109
 256795 string characters out of 6138587
 316930 words of memory out of 5000000
 17145 multiletter control sequences out of 15000+600000
 25155 words of font info for 73 fonts, out of 8000000 for 9000
 1141 hyphenation exceptions out of 8191
 42i,18n,46p,10449b,510s stack positions out of 5000i,500n,10000p,200000b,80000s
{c:/texli
ve/2014/texmf-dist/fonts/enc/dvips/cm-super/cm-super-t1.enc}{c:/texlive/2014/te
xmf-dist/fonts/enc/dvips/cm-super/cm-super-ts1.enc}<c:/texlive/2014/texmf-dist/
fonts/type1/public/amsfonts/cm/cmbx12.pfb><c:/texlive/2014/texmf-dist/fonts/typ
e1/public/amsfonts/cm/cmex10.pfb><c:/texlive/2014/texmf-dist/fonts/type1/public
/amsfonts/cmextra/cmex8.pfb><c:/texlive/2014/texmf-dist/fonts/type1/public/amsf
onts/cm/cmmi10.pfb><c:/texlive/2014/texmf-dist/fonts/type1/public/amsfonts/cm/c
mmi12.pfb><c:/texlive/2014/texmf-dist/fonts/type1/public/amsfonts/cm/cmmi6.pfb>
<c:/texlive/2014/texmf-dist/fonts/type1/public/amsfonts/cm/cmmi8.pfb><c:/texliv
e/2014/texmf-dist/fonts/type1/public/amsfonts/cm/cmr10.pfb><c:/texlive/2014/tex
mf-dist/fonts/type1/public/amsfonts/cm/cmr12.pfb><c:/texlive/2014/texmf-dist/fo
nts/type1/public/amsfonts/cm/cmr6.pfb><c:/texlive/2014/texmf-dist/fonts/type1/p
ublic/amsfonts/cm/cmr8.pfb><c:/texlive/2014/texmf-dist/fonts/type1/public/amsfo
nts/cm/cmsy10.pfb><c:/texlive/2014/texmf-dist/fonts/type1/public/amsfonts/cm/cm
sy6.pfb><c:/texlive/2014/texmf-dist/fonts/type1/public/amsfonts/cm/cmsy8.pfb><c
:/texlive/2014/texmf-dist/fonts/type1/public/amsfonts/symbols/msbm10.pfb><c:/te
xlive/2014/texmf-dist/fonts/type1/public/cm-super/sfbx1200.pfb><c:/texlive/2014
/texmf-dist/fonts/type1/public/cm-super/sfbx1728.pfb><c:/texlive/2014/texmf-dis
t/fonts/type1/public/cm-super/sfbx2488.pfb><c:/texlive/2014/texmf-dist/fonts/ty
pe1/public/cm-super/sfrm1095.pfb><c:/texlive/2014/texmf-dist/fonts/type1/public
/cm-super/sfrm1200.pfb><c:/texlive/2014/texmf-dist/fonts/type1/public/cm-super/
sfti1200.pfb>
Output written on thesis-clustering.pdf (61 pages, 619320 bytes).
PDF statistics:
 396 PDF objects out of 1000 (max. 8388607)
 284 compressed objects within 3 object streams
 0 named destinations out of 1000 (max. 500000)
 96 words of extra memory for PDF output out of 10000 (max. 10000000)

